2025-08-05T03:41:57.392+05:30  INFO 16624 --- [login-service] [restartedMain] com.qurilo.login.LoginApplication        : Starting LoginApplication using Java 22.0.1 with PID 16624 (D:\Qurilo Assessment\login\target\classes started by DELL in D:\Qurilo Assessment)
2025-08-05T03:41:57.420+05:30  INFO 16624 --- [login-service] [restartedMain] com.qurilo.login.LoginApplication        : No active profile set, falling back to 1 default profile: "default"
2025-08-05T03:41:57.526+05:30  INFO 16624 --- [login-service] [restartedMain] .e.DevToolsPropertyDefaultsPostProcessor : Devtools property defaults active! Set 'spring.devtools.add-properties' to 'false' to disable
2025-08-05T03:41:57.526+05:30  INFO 16624 --- [login-service] [restartedMain] .e.DevToolsPropertyDefaultsPostProcessor : For additional web related logging consider setting the 'logging.level.web' property to 'DEBUG'
2025-08-05T03:41:59.667+05:30  INFO 16624 --- [login-service] [restartedMain] .s.d.r.c.RepositoryConfigurationDelegate : Multiple Spring Data modules found, entering strict repository configuration mode
2025-08-05T03:41:59.671+05:30  INFO 16624 --- [login-service] [restartedMain] .s.d.r.c.RepositoryConfigurationDelegate : Bootstrapping Spring Data JPA repositories in DEFAULT mode.
2025-08-05T03:41:59.931+05:30  INFO 16624 --- [login-service] [restartedMain] .s.d.r.c.RepositoryConfigurationDelegate : Finished Spring Data repository scanning in 243 ms. Found 1 JPA repository interface.
2025-08-05T03:41:59.962+05:30  INFO 16624 --- [login-service] [restartedMain] .s.d.r.c.RepositoryConfigurationDelegate : Multiple Spring Data modules found, entering strict repository configuration mode
2025-08-05T03:41:59.964+05:30  INFO 16624 --- [login-service] [restartedMain] .s.d.r.c.RepositoryConfigurationDelegate : Bootstrapping Spring Data Redis repositories in DEFAULT mode.
2025-08-05T03:41:59.995+05:30  INFO 16624 --- [login-service] [restartedMain] .RepositoryConfigurationExtensionSupport : Spring Data Redis - Could not safely identify store assignment for repository candidate interface com.qurilo.login.repository.UsersRepository; If you want this repository to be a Redis repository, consider annotating your entities with one of these annotations: org.springframework.data.redis.core.RedisHash (preferred), or consider extending one of the following types with your repository: org.springframework.data.keyvalue.repository.KeyValueRepository
2025-08-05T03:41:59.996+05:30  INFO 16624 --- [login-service] [restartedMain] .s.d.r.c.RepositoryConfigurationDelegate : Finished Spring Data repository scanning in 12 ms. Found 0 Redis repository interfaces.
2025-08-05T03:42:01.361+05:30  INFO 16624 --- [login-service] [restartedMain] o.s.b.w.embedded.tomcat.TomcatWebServer  : Tomcat initialized with port 8082 (http)
2025-08-05T03:42:01.395+05:30  INFO 16624 --- [login-service] [restartedMain] o.apache.catalina.core.StandardService   : Starting service [Tomcat]
2025-08-05T03:42:01.396+05:30  INFO 16624 --- [login-service] [restartedMain] o.apache.catalina.core.StandardEngine    : Starting Servlet engine: [Apache Tomcat/10.1.43]
2025-08-05T03:42:01.493+05:30  INFO 16624 --- [login-service] [restartedMain] o.a.c.c.C.[Tomcat].[localhost].[/]       : Initializing Spring embedded WebApplicationContext
2025-08-05T03:42:01.493+05:30  INFO 16624 --- [login-service] [restartedMain] w.s.c.ServletWebServerApplicationContext : Root WebApplicationContext: initialization completed in 3964 ms
2025-08-05T03:42:01.737+05:30  INFO 16624 --- [login-service] [restartedMain] com.zaxxer.hikari.HikariDataSource       : HikariPool-1 - Starting...
2025-08-05T03:42:02.172+05:30  INFO 16624 --- [login-service] [restartedMain] com.zaxxer.hikari.pool.HikariPool        : HikariPool-1 - Added connection org.postgresql.jdbc.PgConnection@7d343206
2025-08-05T03:42:02.175+05:30  INFO 16624 --- [login-service] [restartedMain] com.zaxxer.hikari.HikariDataSource       : HikariPool-1 - Start completed.
2025-08-05T03:42:02.367+05:30  INFO 16624 --- [login-service] [restartedMain] o.hibernate.jpa.internal.util.LogHelper  : HHH000204: Processing PersistenceUnitInfo [name: default]
2025-08-05T03:42:02.550+05:30  INFO 16624 --- [login-service] [restartedMain] org.hibernate.Version                    : HHH000412: Hibernate ORM core version 6.6.22.Final
2025-08-05T03:42:02.648+05:30  INFO 16624 --- [login-service] [restartedMain] o.h.c.internal.RegionFactoryInitiator    : HHH000026: Second-level cache disabled
2025-08-05T03:42:03.311+05:30  INFO 16624 --- [login-service] [restartedMain] o.s.o.j.p.SpringPersistenceUnitInfo      : No LoadTimeWeaver setup: ignoring JPA class transformer
2025-08-05T03:42:03.435+05:30  WARN 16624 --- [login-service] [restartedMain] org.hibernate.orm.deprecation            : HHH90000025: PostgreSQLDialect does not need to be specified explicitly using 'hibernate.dialect' (remove the property setting and it will be selected by default)
2025-08-05T03:42:03.456+05:30  INFO 16624 --- [login-service] [restartedMain] org.hibernate.orm.connections.pooling    : HHH10001005: Database info:
	Database JDBC URL [Connecting through datasource 'HikariDataSource (HikariPool-1)']
	Database driver: undefined/unknown
	Database version: 17.4
	Autocommit mode: undefined/unknown
	Isolation level: undefined/unknown
	Minimum pool size: undefined/unknown
	Maximum pool size: undefined/unknown
2025-08-05T03:42:05.373+05:30  INFO 16624 --- [login-service] [restartedMain] o.h.e.t.j.p.i.JtaPlatformInitiator       : HHH000489: No JTA platform available (set 'hibernate.transaction.jta.platform' to enable JTA platform integration)
2025-08-05T03:42:05.497+05:30  INFO 16624 --- [login-service] [restartedMain] j.LocalContainerEntityManagerFactoryBean : Initialized JPA EntityManagerFactory for persistence unit 'default'
2025-08-05T03:42:07.039+05:30  WARN 16624 --- [login-service] [restartedMain] JpaBaseConfiguration$JpaWebConfiguration : spring.jpa.open-in-view is enabled by default. Therefore, database queries may be performed during view rendering. Explicitly configure spring.jpa.open-in-view to disable this warning
2025-08-05T03:42:08.190+05:30  INFO 16624 --- [login-service] [restartedMain] o.s.b.d.a.OptionalLiveReloadServer       : LiveReload server is running on port 35729
2025-08-05T03:42:08.277+05:30  INFO 16624 --- [login-service] [restartedMain] o.s.b.w.embedded.tomcat.TomcatWebServer  : Tomcat started on port 8082 (http) with context path '/'
2025-08-05T03:42:08.294+05:30  INFO 16624 --- [login-service] [restartedMain] com.qurilo.login.LoginApplication        : Started LoginApplication in 12.284 seconds (process running for 13.302)
2025-08-05T03:42:09.965+05:30 ERROR 16624 --- [login-service] [restartedMain] c.q.login.config.RedisConnectionChecker  : ❌ Redis connection failed! Please start Redis server - Error: Unable to connect to Redis
2025-08-05T03:44:52.311+05:30  INFO 16624 --- [login-service] [SpringApplicationShutdownHook] o.s.b.w.e.tomcat.GracefulShutdown        : Commencing graceful shutdown. Waiting for active requests to complete
2025-08-05T03:44:52.318+05:30  INFO 16624 --- [login-service] [tomcat-shutdown] o.s.b.w.e.tomcat.GracefulShutdown        : Graceful shutdown complete
2025-08-05T03:44:52.336+05:30  INFO 16624 --- [login-service] [SpringApplicationShutdownHook] j.LocalContainerEntityManagerFactoryBean : Closing JPA EntityManagerFactory for persistence unit 'default'
2025-08-05T03:44:52.344+05:30  INFO 16624 --- [login-service] [SpringApplicationShutdownHook] com.zaxxer.hikari.HikariDataSource       : HikariPool-1 - Shutdown initiated...
2025-08-05T03:44:52.367+05:30  INFO 16624 --- [login-service] [SpringApplicationShutdownHook] com.zaxxer.hikari.HikariDataSource       : HikariPool-1 - Shutdown completed.
2025-08-05T03:45:00.300+05:30  INFO 2452 --- [login-service] [restartedMain] com.qurilo.login.LoginApplication        : Starting LoginApplication using Java 22.0.1 with PID 2452 (D:\Qurilo Assessment\login\target\classes started by DELL in D:\Qurilo Assessment)
2025-08-05T03:45:00.305+05:30  INFO 2452 --- [login-service] [restartedMain] com.qurilo.login.LoginApplication        : No active profile set, falling back to 1 default profile: "default"
2025-08-05T03:45:00.393+05:30  INFO 2452 --- [login-service] [restartedMain] .e.DevToolsPropertyDefaultsPostProcessor : Devtools property defaults active! Set 'spring.devtools.add-properties' to 'false' to disable
2025-08-05T03:45:00.393+05:30  INFO 2452 --- [login-service] [restartedMain] .e.DevToolsPropertyDefaultsPostProcessor : For additional web related logging consider setting the 'logging.level.web' property to 'DEBUG'
2025-08-05T03:45:02.054+05:30  INFO 2452 --- [login-service] [restartedMain] .s.d.r.c.RepositoryConfigurationDelegate : Multiple Spring Data modules found, entering strict repository configuration mode
2025-08-05T03:45:02.058+05:30  INFO 2452 --- [login-service] [restartedMain] .s.d.r.c.RepositoryConfigurationDelegate : Bootstrapping Spring Data JPA repositories in DEFAULT mode.
2025-08-05T03:45:02.237+05:30  INFO 2452 --- [login-service] [restartedMain] .s.d.r.c.RepositoryConfigurationDelegate : Finished Spring Data repository scanning in 167 ms. Found 1 JPA repository interface.
2025-08-05T03:45:02.274+05:30  INFO 2452 --- [login-service] [restartedMain] .s.d.r.c.RepositoryConfigurationDelegate : Multiple Spring Data modules found, entering strict repository configuration mode
2025-08-05T03:45:02.280+05:30  INFO 2452 --- [login-service] [restartedMain] .s.d.r.c.RepositoryConfigurationDelegate : Bootstrapping Spring Data Redis repositories in DEFAULT mode.
2025-08-05T03:45:02.304+05:30  INFO 2452 --- [login-service] [restartedMain] .RepositoryConfigurationExtensionSupport : Spring Data Redis - Could not safely identify store assignment for repository candidate interface com.qurilo.login.repository.UsersRepository; If you want this repository to be a Redis repository, consider annotating your entities with one of these annotations: org.springframework.data.redis.core.RedisHash (preferred), or consider extending one of the following types with your repository: org.springframework.data.keyvalue.repository.KeyValueRepository
2025-08-05T03:45:02.304+05:30  INFO 2452 --- [login-service] [restartedMain] .s.d.r.c.RepositoryConfigurationDelegate : Finished Spring Data repository scanning in 11 ms. Found 0 Redis repository interfaces.
2025-08-05T03:45:03.279+05:30  INFO 2452 --- [login-service] [restartedMain] o.s.b.w.embedded.tomcat.TomcatWebServer  : Tomcat initialized with port 8082 (http)
2025-08-05T03:45:03.299+05:30  INFO 2452 --- [login-service] [restartedMain] o.apache.catalina.core.StandardService   : Starting service [Tomcat]
2025-08-05T03:45:03.300+05:30  INFO 2452 --- [login-service] [restartedMain] o.apache.catalina.core.StandardEngine    : Starting Servlet engine: [Apache Tomcat/10.1.43]
2025-08-05T03:45:03.377+05:30  INFO 2452 --- [login-service] [restartedMain] o.a.c.c.C.[Tomcat].[localhost].[/]       : Initializing Spring embedded WebApplicationContext
2025-08-05T03:45:03.377+05:30  INFO 2452 --- [login-service] [restartedMain] w.s.c.ServletWebServerApplicationContext : Root WebApplicationContext: initialization completed in 2983 ms
2025-08-05T03:45:03.637+05:30  INFO 2452 --- [login-service] [restartedMain] com.zaxxer.hikari.HikariDataSource       : HikariPool-1 - Starting...
2025-08-05T03:45:03.942+05:30  INFO 2452 --- [login-service] [restartedMain] com.zaxxer.hikari.pool.HikariPool        : HikariPool-1 - Added connection org.postgresql.jdbc.PgConnection@d651999
2025-08-05T03:45:03.944+05:30  INFO 2452 --- [login-service] [restartedMain] com.zaxxer.hikari.HikariDataSource       : HikariPool-1 - Start completed.
2025-08-05T03:45:04.112+05:30  INFO 2452 --- [login-service] [restartedMain] o.hibernate.jpa.internal.util.LogHelper  : HHH000204: Processing PersistenceUnitInfo [name: default]
2025-08-05T03:45:04.226+05:30  INFO 2452 --- [login-service] [restartedMain] org.hibernate.Version                    : HHH000412: Hibernate ORM core version 6.6.22.Final
2025-08-05T03:45:04.281+05:30  INFO 2452 --- [login-service] [restartedMain] o.h.c.internal.RegionFactoryInitiator    : HHH000026: Second-level cache disabled
2025-08-05T03:45:04.758+05:30  INFO 2452 --- [login-service] [restartedMain] o.s.o.j.p.SpringPersistenceUnitInfo      : No LoadTimeWeaver setup: ignoring JPA class transformer
2025-08-05T03:45:04.846+05:30  WARN 2452 --- [login-service] [restartedMain] org.hibernate.orm.deprecation            : HHH90000025: PostgreSQLDialect does not need to be specified explicitly using 'hibernate.dialect' (remove the property setting and it will be selected by default)
2025-08-05T03:45:04.869+05:30  INFO 2452 --- [login-service] [restartedMain] org.hibernate.orm.connections.pooling    : HHH10001005: Database info:
	Database JDBC URL [Connecting through datasource 'HikariDataSource (HikariPool-1)']
	Database driver: undefined/unknown
	Database version: 17.4
	Autocommit mode: undefined/unknown
	Isolation level: undefined/unknown
	Minimum pool size: undefined/unknown
	Maximum pool size: undefined/unknown
2025-08-05T03:45:05.950+05:30  INFO 2452 --- [login-service] [restartedMain] o.h.e.t.j.p.i.JtaPlatformInitiator       : HHH000489: No JTA platform available (set 'hibernate.transaction.jta.platform' to enable JTA platform integration)
2025-08-05T03:45:06.018+05:30  INFO 2452 --- [login-service] [restartedMain] j.LocalContainerEntityManagerFactoryBean : Initialized JPA EntityManagerFactory for persistence unit 'default'
2025-08-05T03:45:07.067+05:30  WARN 2452 --- [login-service] [restartedMain] JpaBaseConfiguration$JpaWebConfiguration : spring.jpa.open-in-view is enabled by default. Therefore, database queries may be performed during view rendering. Explicitly configure spring.jpa.open-in-view to disable this warning
2025-08-05T03:45:07.744+05:30  INFO 2452 --- [login-service] [restartedMain] o.s.b.d.a.OptionalLiveReloadServer       : LiveReload server is running on port 35729
2025-08-05T03:45:07.797+05:30  INFO 2452 --- [login-service] [restartedMain] o.s.b.w.embedded.tomcat.TomcatWebServer  : Tomcat started on port 8082 (http) with context path '/'
2025-08-05T03:45:07.816+05:30  INFO 2452 --- [login-service] [restartedMain] com.qurilo.login.LoginApplication        : Started LoginApplication in 8.368 seconds (process running for 9.525)
2025-08-05T03:45:09.754+05:30  INFO 2452 --- [login-service] [restartedMain] c.q.login.config.RedisConnectionChecker  : ✅ Redis connected successfully!
2025-08-05T03:45:49.897+05:30  INFO 2452 --- [login-service] [http-nio-8082-exec-1] o.a.c.c.C.[Tomcat].[localhost].[/]       : Initializing Spring DispatcherServlet 'dispatcherServlet'
2025-08-05T03:45:49.898+05:30  INFO 2452 --- [login-service] [http-nio-8082-exec-1] o.s.web.servlet.DispatcherServlet        : Initializing Servlet 'dispatcherServlet'
2025-08-05T03:45:49.901+05:30  INFO 2452 --- [login-service] [http-nio-8082-exec-1] o.s.web.servlet.DispatcherServlet        : Completed initialization in 3 ms
2025-08-05T03:45:51.582+05:30  INFO 2452 --- [login-service] [http-nio-8082-exec-7] o.springdoc.api.AbstractOpenApiResource  : Init duration for springdoc-openapi is: 891 ms
2025-08-05T03:47:07.424+05:30  INFO 2452 --- [login-service] [File Watcher] rtingClassPathChangeChangedEventListener : Restarting due to 1 class path change (0 additions, 0 deletions, 1 modification)
2025-08-05T03:47:07.434+05:30  INFO 2452 --- [login-service] [Thread-5] o.s.b.w.e.tomcat.GracefulShutdown        : Commencing graceful shutdown. Waiting for active requests to complete
2025-08-05T03:47:07.448+05:30  INFO 2452 --- [login-service] [tomcat-shutdown] o.s.b.w.e.tomcat.GracefulShutdown        : Graceful shutdown complete
2025-08-05T03:47:07.601+05:30  INFO 2452 --- [login-service] [Thread-5] j.LocalContainerEntityManagerFactoryBean : Closing JPA EntityManagerFactory for persistence unit 'default'
2025-08-05T03:47:07.607+05:30  INFO 2452 --- [login-service] [Thread-5] com.zaxxer.hikari.HikariDataSource       : HikariPool-1 - Shutdown initiated...
2025-08-05T03:47:07.632+05:30  INFO 2452 --- [login-service] [Thread-5] com.zaxxer.hikari.HikariDataSource       : HikariPool-1 - Shutdown completed.
2025-08-05T03:47:07.802+05:30  INFO 2452 --- [login-service] [restartedMain] com.qurilo.login.LoginApplication        : Starting LoginApplication using Java 22.0.1 with PID 2452 (D:\Qurilo Assessment\login\target\classes started by DELL in D:\Qurilo Assessment)
2025-08-05T03:47:07.802+05:30  INFO 2452 --- [login-service] [restartedMain] com.qurilo.login.LoginApplication        : No active profile set, falling back to 1 default profile: "default"
2025-08-05T03:47:08.483+05:30  INFO 2452 --- [login-service] [restartedMain] .s.d.r.c.RepositoryConfigurationDelegate : Multiple Spring Data modules found, entering strict repository configuration mode
2025-08-05T03:47:08.485+05:30  INFO 2452 --- [login-service] [restartedMain] .s.d.r.c.RepositoryConfigurationDelegate : Bootstrapping Spring Data JPA repositories in DEFAULT mode.
2025-08-05T03:47:08.505+05:30  INFO 2452 --- [login-service] [restartedMain] .s.d.r.c.RepositoryConfigurationDelegate : Finished Spring Data repository scanning in 17 ms. Found 1 JPA repository interface.
2025-08-05T03:47:08.510+05:30  INFO 2452 --- [login-service] [restartedMain] .s.d.r.c.RepositoryConfigurationDelegate : Multiple Spring Data modules found, entering strict repository configuration mode
2025-08-05T03:47:08.511+05:30  INFO 2452 --- [login-service] [restartedMain] .s.d.r.c.RepositoryConfigurationDelegate : Bootstrapping Spring Data Redis repositories in DEFAULT mode.
2025-08-05T03:47:08.517+05:30  INFO 2452 --- [login-service] [restartedMain] .RepositoryConfigurationExtensionSupport : Spring Data Redis - Could not safely identify store assignment for repository candidate interface com.qurilo.login.repository.UsersRepository; If you want this repository to be a Redis repository, consider annotating your entities with one of these annotations: org.springframework.data.redis.core.RedisHash (preferred), or consider extending one of the following types with your repository: org.springframework.data.keyvalue.repository.KeyValueRepository
2025-08-05T03:47:08.518+05:30  INFO 2452 --- [login-service] [restartedMain] .s.d.r.c.RepositoryConfigurationDelegate : Finished Spring Data repository scanning in 6 ms. Found 0 Redis repository interfaces.
2025-08-05T03:47:08.739+05:30  INFO 2452 --- [login-service] [restartedMain] o.s.b.w.embedded.tomcat.TomcatWebServer  : Tomcat initialized with port 8082 (http)
2025-08-05T03:47:08.742+05:30  INFO 2452 --- [login-service] [restartedMain] o.apache.catalina.core.StandardService   : Starting service [Tomcat]
2025-08-05T03:47:08.743+05:30  INFO 2452 --- [login-service] [restartedMain] o.apache.catalina.core.StandardEngine    : Starting Servlet engine: [Apache Tomcat/10.1.43]
2025-08-05T03:47:08.857+05:30  INFO 2452 --- [login-service] [restartedMain] o.a.c.c.C.[Tomcat].[localhost].[/]       : Initializing Spring embedded WebApplicationContext
2025-08-05T03:47:08.858+05:30  INFO 2452 --- [login-service] [restartedMain] w.s.c.ServletWebServerApplicationContext : Root WebApplicationContext: initialization completed in 1053 ms
2025-08-05T03:47:08.895+05:30  INFO 2452 --- [login-service] [restartedMain] com.zaxxer.hikari.HikariDataSource       : HikariPool-2 - Starting...
2025-08-05T03:47:09.086+05:30  INFO 2452 --- [login-service] [restartedMain] com.zaxxer.hikari.pool.HikariPool        : HikariPool-2 - Added connection org.postgresql.jdbc.PgConnection@7407e55f
2025-08-05T03:47:09.086+05:30  INFO 2452 --- [login-service] [restartedMain] com.zaxxer.hikari.HikariDataSource       : HikariPool-2 - Start completed.
2025-08-05T03:47:09.111+05:30  INFO 2452 --- [login-service] [restartedMain] o.hibernate.jpa.internal.util.LogHelper  : HHH000204: Processing PersistenceUnitInfo [name: default]
2025-08-05T03:47:09.114+05:30  INFO 2452 --- [login-service] [restartedMain] o.h.c.internal.RegionFactoryInitiator    : HHH000026: Second-level cache disabled
2025-08-05T03:47:09.124+05:30  INFO 2452 --- [login-service] [restartedMain] o.s.o.j.p.SpringPersistenceUnitInfo      : No LoadTimeWeaver setup: ignoring JPA class transformer
2025-08-05T03:47:09.136+05:30  WARN 2452 --- [login-service] [restartedMain] org.hibernate.orm.deprecation            : HHH90000025: PostgreSQLDialect does not need to be specified explicitly using 'hibernate.dialect' (remove the property setting and it will be selected by default)
2025-08-05T03:47:09.139+05:30  INFO 2452 --- [login-service] [restartedMain] org.hibernate.orm.connections.pooling    : HHH10001005: Database info:
	Database JDBC URL [Connecting through datasource 'HikariDataSource (HikariPool-2)']
	Database driver: undefined/unknown
	Database version: 17.4
	Autocommit mode: undefined/unknown
	Isolation level: undefined/unknown
	Minimum pool size: undefined/unknown
	Maximum pool size: undefined/unknown
2025-08-05T03:47:09.231+05:30  INFO 2452 --- [login-service] [restartedMain] o.h.e.t.j.p.i.JtaPlatformInitiator       : HHH000489: No JTA platform available (set 'hibernate.transaction.jta.platform' to enable JTA platform integration)
2025-08-05T03:47:09.255+05:30  INFO 2452 --- [login-service] [restartedMain] j.LocalContainerEntityManagerFactoryBean : Initialized JPA EntityManagerFactory for persistence unit 'default'
2025-08-05T03:47:09.862+05:30  WARN 2452 --- [login-service] [restartedMain] JpaBaseConfiguration$JpaWebConfiguration : spring.jpa.open-in-view is enabled by default. Therefore, database queries may be performed during view rendering. Explicitly configure spring.jpa.open-in-view to disable this warning
2025-08-05T03:47:10.293+05:30  INFO 2452 --- [login-service] [restartedMain] o.s.b.d.a.OptionalLiveReloadServer       : LiveReload server is running on port 35729
2025-08-05T03:47:10.310+05:30  INFO 2452 --- [login-service] [restartedMain] o.s.b.w.embedded.tomcat.TomcatWebServer  : Tomcat started on port 8082 (http) with context path '/'
2025-08-05T03:47:10.323+05:30  INFO 2452 --- [login-service] [restartedMain] com.qurilo.login.LoginApplication        : Started LoginApplication in 2.577 seconds (process running for 132.032)
2025-08-05T03:47:10.326+05:30  INFO 2452 --- [login-service] [restartedMain] .ConditionEvaluationDeltaLoggingListener : Condition evaluation unchanged
2025-08-05T03:47:10.362+05:30  INFO 2452 --- [login-service] [restartedMain] c.q.login.config.RedisConnectionChecker  : ✅ Redis connected successfully!
2025-08-05T03:47:35.541+05:30  INFO 2452 --- [login-service] [SpringApplicationShutdownHook] o.s.b.w.e.tomcat.GracefulShutdown        : Commencing graceful shutdown. Waiting for active requests to complete
2025-08-05T03:47:35.598+05:30  INFO 2452 --- [login-service] [tomcat-shutdown] o.s.b.w.e.tomcat.GracefulShutdown        : Graceful shutdown complete
2025-08-05T03:47:35.620+05:30  INFO 2452 --- [login-service] [SpringApplicationShutdownHook] j.LocalContainerEntityManagerFactoryBean : Closing JPA EntityManagerFactory for persistence unit 'default'
2025-08-05T03:47:35.621+05:30  INFO 2452 --- [login-service] [SpringApplicationShutdownHook] com.zaxxer.hikari.HikariDataSource       : HikariPool-2 - Shutdown initiated...
2025-08-05T03:47:35.638+05:30  INFO 2452 --- [login-service] [SpringApplicationShutdownHook] com.zaxxer.hikari.HikariDataSource       : HikariPool-2 - Shutdown completed.
2025-08-05T03:47:42.170+05:30  INFO 20492 --- [login-service] [restartedMain] com.qurilo.login.LoginApplication        : Starting LoginApplication using Java 22.0.1 with PID 20492 (D:\Qurilo Assessment\login\target\classes started by DELL in D:\Qurilo Assessment)
2025-08-05T03:47:42.173+05:30  INFO 20492 --- [login-service] [restartedMain] com.qurilo.login.LoginApplication        : No active profile set, falling back to 1 default profile: "default"
2025-08-05T03:47:42.273+05:30  INFO 20492 --- [login-service] [restartedMain] .e.DevToolsPropertyDefaultsPostProcessor : Devtools property defaults active! Set 'spring.devtools.add-properties' to 'false' to disable
2025-08-05T03:47:42.274+05:30  INFO 20492 --- [login-service] [restartedMain] .e.DevToolsPropertyDefaultsPostProcessor : For additional web related logging consider setting the 'logging.level.web' property to 'DEBUG'
2025-08-05T03:47:43.819+05:30  INFO 20492 --- [login-service] [restartedMain] .s.d.r.c.RepositoryConfigurationDelegate : Multiple Spring Data modules found, entering strict repository configuration mode
2025-08-05T03:47:43.821+05:30  INFO 20492 --- [login-service] [restartedMain] .s.d.r.c.RepositoryConfigurationDelegate : Bootstrapping Spring Data JPA repositories in DEFAULT mode.
2025-08-05T03:47:44.002+05:30  INFO 20492 --- [login-service] [restartedMain] .s.d.r.c.RepositoryConfigurationDelegate : Finished Spring Data repository scanning in 166 ms. Found 1 JPA repository interface.
2025-08-05T03:47:44.031+05:30  INFO 20492 --- [login-service] [restartedMain] .s.d.r.c.RepositoryConfigurationDelegate : Multiple Spring Data modules found, entering strict repository configuration mode
2025-08-05T03:47:44.032+05:30  INFO 20492 --- [login-service] [restartedMain] .s.d.r.c.RepositoryConfigurationDelegate : Bootstrapping Spring Data Redis repositories in DEFAULT mode.
2025-08-05T03:47:44.092+05:30  INFO 20492 --- [login-service] [restartedMain] .RepositoryConfigurationExtensionSupport : Spring Data Redis - Could not safely identify store assignment for repository candidate interface com.qurilo.login.repository.UsersRepository; If you want this repository to be a Redis repository, consider annotating your entities with one of these annotations: org.springframework.data.redis.core.RedisHash (preferred), or consider extending one of the following types with your repository: org.springframework.data.keyvalue.repository.KeyValueRepository
2025-08-05T03:47:44.093+05:30  INFO 20492 --- [login-service] [restartedMain] .s.d.r.c.RepositoryConfigurationDelegate : Finished Spring Data repository scanning in 16 ms. Found 0 Redis repository interfaces.
2025-08-05T03:47:45.177+05:30  INFO 20492 --- [login-service] [restartedMain] o.s.b.w.embedded.tomcat.TomcatWebServer  : Tomcat initialized with port 8082 (http)
2025-08-05T03:47:45.205+05:30  INFO 20492 --- [login-service] [restartedMain] o.apache.catalina.core.StandardService   : Starting service [Tomcat]
2025-08-05T03:47:45.205+05:30  INFO 20492 --- [login-service] [restartedMain] o.apache.catalina.core.StandardEngine    : Starting Servlet engine: [Apache Tomcat/10.1.43]
2025-08-05T03:47:45.285+05:30  INFO 20492 --- [login-service] [restartedMain] o.a.c.c.C.[Tomcat].[localhost].[/]       : Initializing Spring embedded WebApplicationContext
2025-08-05T03:47:45.286+05:30  INFO 20492 --- [login-service] [restartedMain] w.s.c.ServletWebServerApplicationContext : Root WebApplicationContext: initialization completed in 3011 ms
2025-08-05T03:47:45.483+05:30  INFO 20492 --- [login-service] [restartedMain] com.zaxxer.hikari.HikariDataSource       : HikariPool-1 - Starting...
2025-08-05T03:47:45.809+05:30  INFO 20492 --- [login-service] [restartedMain] com.zaxxer.hikari.pool.HikariPool        : HikariPool-1 - Added connection org.postgresql.jdbc.PgConnection@339dcce2
2025-08-05T03:47:45.814+05:30  INFO 20492 --- [login-service] [restartedMain] com.zaxxer.hikari.HikariDataSource       : HikariPool-1 - Start completed.
2025-08-05T03:47:45.933+05:30  INFO 20492 --- [login-service] [restartedMain] o.hibernate.jpa.internal.util.LogHelper  : HHH000204: Processing PersistenceUnitInfo [name: default]
2025-08-05T03:47:46.014+05:30  INFO 20492 --- [login-service] [restartedMain] org.hibernate.Version                    : HHH000412: Hibernate ORM core version 6.6.22.Final
2025-08-05T03:47:46.107+05:30  INFO 20492 --- [login-service] [restartedMain] o.h.c.internal.RegionFactoryInitiator    : HHH000026: Second-level cache disabled
2025-08-05T03:47:46.514+05:30  INFO 20492 --- [login-service] [restartedMain] o.s.o.j.p.SpringPersistenceUnitInfo      : No LoadTimeWeaver setup: ignoring JPA class transformer
2025-08-05T03:47:46.588+05:30  WARN 20492 --- [login-service] [restartedMain] org.hibernate.orm.deprecation            : HHH90000025: PostgreSQLDialect does not need to be specified explicitly using 'hibernate.dialect' (remove the property setting and it will be selected by default)
2025-08-05T03:47:46.604+05:30  INFO 20492 --- [login-service] [restartedMain] org.hibernate.orm.connections.pooling    : HHH10001005: Database info:
	Database JDBC URL [Connecting through datasource 'HikariDataSource (HikariPool-1)']
	Database driver: undefined/unknown
	Database version: 17.4
	Autocommit mode: undefined/unknown
	Isolation level: undefined/unknown
	Minimum pool size: undefined/unknown
	Maximum pool size: undefined/unknown
2025-08-05T03:47:47.684+05:30  INFO 20492 --- [login-service] [restartedMain] o.h.e.t.j.p.i.JtaPlatformInitiator       : HHH000489: No JTA platform available (set 'hibernate.transaction.jta.platform' to enable JTA platform integration)
2025-08-05T03:47:47.753+05:30  INFO 20492 --- [login-service] [restartedMain] j.LocalContainerEntityManagerFactoryBean : Initialized JPA EntityManagerFactory for persistence unit 'default'
2025-08-05T03:47:48.770+05:30  WARN 20492 --- [login-service] [restartedMain] JpaBaseConfiguration$JpaWebConfiguration : spring.jpa.open-in-view is enabled by default. Therefore, database queries may be performed during view rendering. Explicitly configure spring.jpa.open-in-view to disable this warning
2025-08-05T03:47:49.565+05:30  INFO 20492 --- [login-service] [restartedMain] o.s.b.d.a.OptionalLiveReloadServer       : LiveReload server is running on port 35729
2025-08-05T03:47:49.672+05:30  INFO 20492 --- [login-service] [restartedMain] o.s.b.w.embedded.tomcat.TomcatWebServer  : Tomcat started on port 8082 (http) with context path '/'
2025-08-05T03:47:49.688+05:30  INFO 20492 --- [login-service] [restartedMain] com.qurilo.login.LoginApplication        : Started LoginApplication in 8.319 seconds (process running for 9.103)
2025-08-05T03:47:50.385+05:30  INFO 20492 --- [login-service] [restartedMain] c.q.login.config.RedisConnectionChecker  : ✅ Redis connected successfully!
2025-08-05T03:48:13.358+05:30  INFO 20492 --- [login-service] [http-nio-8082-exec-1] o.a.c.c.C.[Tomcat].[localhost].[/]       : Initializing Spring DispatcherServlet 'dispatcherServlet'
2025-08-05T03:48:13.366+05:30  INFO 20492 --- [login-service] [http-nio-8082-exec-1] o.s.web.servlet.DispatcherServlet        : Initializing Servlet 'dispatcherServlet'
2025-08-05T03:48:13.373+05:30  INFO 20492 --- [login-service] [http-nio-8082-exec-1] o.s.web.servlet.DispatcherServlet        : Completed initialization in 7 ms
2025-08-05T03:48:15.140+05:30  INFO 20492 --- [login-service] [http-nio-8082-exec-6] o.springdoc.api.AbstractOpenApiResource  : Init duration for springdoc-openapi is: 878 ms
2025-08-05T03:52:39.852+05:30  INFO 20492 --- [login-service] [SpringApplicationShutdownHook] o.s.b.w.e.tomcat.GracefulShutdown        : Commencing graceful shutdown. Waiting for active requests to complete
2025-08-05T03:52:46.996+05:30  INFO 20492 --- [login-service] [tomcat-shutdown] o.s.b.w.e.tomcat.GracefulShutdown        : Graceful shutdown complete
2025-08-05T03:52:48.087+05:30  INFO 20492 --- [login-service] [SpringApplicationShutdownHook] j.LocalContainerEntityManagerFactoryBean : Closing JPA EntityManagerFactory for persistence unit 'default'
2025-08-05T03:52:48.099+05:30  INFO 20492 --- [login-service] [SpringApplicationShutdownHook] com.zaxxer.hikari.HikariDataSource       : HikariPool-1 - Shutdown initiated...
2025-08-05T03:52:48.434+05:30  INFO 20492 --- [login-service] [SpringApplicationShutdownHook] com.zaxxer.hikari.HikariDataSource       : HikariPool-1 - Shutdown completed.
