2025-08-05T03:42:23.561+05:30  INFO 6960 --- [order-service] [restartedMain] c.q.o.OrderServiceApplication            : Starting OrderServiceApplication using Java 22.0.1 with PID 6960 (D:\Qurilo Assessment\order-service\target\classes started by DELL in D:\Qurilo Assessment)
2025-08-05T03:42:23.566+05:30  INFO 6960 --- [order-service] [restartedMain] c.q.o.OrderServiceApplication            : No active profile set, falling back to 1 default profile: "default"
2025-08-05T03:42:23.920+05:30  INFO 6960 --- [order-service] [restartedMain] .e.DevToolsPropertyDefaultsPostProcessor : Devtools property defaults active! Set 'spring.devtools.add-properties' to 'false' to disable
2025-08-05T03:42:23.921+05:30  INFO 6960 --- [order-service] [restartedMain] .e.DevToolsPropertyDefaultsPostProcessor : For additional web related logging consider setting the 'logging.level.web' property to 'DEBUG'
2025-08-05T03:42:26.112+05:30  INFO 6960 --- [order-service] [restartedMain] .s.d.r.c.RepositoryConfigurationDelegate : Multiple Spring Data modules found, entering strict repository configuration mode
2025-08-05T03:42:26.117+05:30  INFO 6960 --- [order-service] [restartedMain] .s.d.r.c.RepositoryConfigurationDelegate : Bootstrapping Spring Data JPA repositories in DEFAULT mode.
2025-08-05T03:42:26.265+05:30  INFO 6960 --- [order-service] [restartedMain] .s.d.r.c.RepositoryConfigurationDelegate : Finished Spring Data repository scanning in 134 ms. Found 1 JPA repository interface.
2025-08-05T03:42:26.292+05:30  INFO 6960 --- [order-service] [restartedMain] .s.d.r.c.RepositoryConfigurationDelegate : Multiple Spring Data modules found, entering strict repository configuration mode
2025-08-05T03:42:26.294+05:30  INFO 6960 --- [order-service] [restartedMain] .s.d.r.c.RepositoryConfigurationDelegate : Bootstrapping Spring Data Redis repositories in DEFAULT mode.
2025-08-05T03:42:26.317+05:30  INFO 6960 --- [order-service] [restartedMain] .RepositoryConfigurationExtensionSupport : Spring Data Redis - Could not safely identify store assignment for repository candidate interface com.qurilo.order_service.repository.OrderRepository; If you want this repository to be a Redis repository, consider annotating your entities with one of these annotations: org.springframework.data.redis.core.RedisHash (preferred), or consider extending one of the following types with your repository: org.springframework.data.keyvalue.repository.KeyValueRepository
2025-08-05T03:42:26.317+05:30  INFO 6960 --- [order-service] [restartedMain] .s.d.r.c.RepositoryConfigurationDelegate : Finished Spring Data repository scanning in 8 ms. Found 0 Redis repository interfaces.
2025-08-05T03:42:27.421+05:30  INFO 6960 --- [order-service] [restartedMain] o.s.b.w.embedded.tomcat.TomcatWebServer  : Tomcat initialized with port 8081 (http)
2025-08-05T03:42:27.443+05:30  INFO 6960 --- [order-service] [restartedMain] o.apache.catalina.core.StandardService   : Starting service [Tomcat]
2025-08-05T03:42:27.444+05:30  INFO 6960 --- [order-service] [restartedMain] o.apache.catalina.core.StandardEngine    : Starting Servlet engine: [Apache Tomcat/10.1.43]
2025-08-05T03:42:27.533+05:30  INFO 6960 --- [order-service] [restartedMain] o.a.c.c.C.[Tomcat].[localhost].[/]       : Initializing Spring embedded WebApplicationContext
2025-08-05T03:42:27.534+05:30  INFO 6960 --- [order-service] [restartedMain] w.s.c.ServletWebServerApplicationContext : Root WebApplicationContext: initialization completed in 3612 ms
2025-08-05T03:42:27.753+05:30  INFO 6960 --- [order-service] [restartedMain] com.zaxxer.hikari.HikariDataSource       : HikariPool-1 - Starting...
2025-08-05T03:42:28.081+05:30  INFO 6960 --- [order-service] [restartedMain] com.zaxxer.hikari.pool.HikariPool        : HikariPool-1 - Added connection org.postgresql.jdbc.PgConnection@1703f802
2025-08-05T03:42:28.083+05:30  INFO 6960 --- [order-service] [restartedMain] com.zaxxer.hikari.HikariDataSource       : HikariPool-1 - Start completed.
2025-08-05T03:42:28.263+05:30  INFO 6960 --- [order-service] [restartedMain] o.hibernate.jpa.internal.util.LogHelper  : HHH000204: Processing PersistenceUnitInfo [name: default]
2025-08-05T03:42:28.395+05:30  INFO 6960 --- [order-service] [restartedMain] org.hibernate.Version                    : HHH000412: Hibernate ORM core version 6.6.22.Final
2025-08-05T03:42:28.454+05:30  INFO 6960 --- [order-service] [restartedMain] o.h.c.internal.RegionFactoryInitiator    : HHH000026: Second-level cache disabled
2025-08-05T03:42:29.012+05:30  INFO 6960 --- [order-service] [restartedMain] o.s.o.j.p.SpringPersistenceUnitInfo      : No LoadTimeWeaver setup: ignoring JPA class transformer
2025-08-05T03:42:29.121+05:30  WARN 6960 --- [order-service] [restartedMain] org.hibernate.orm.deprecation            : HHH90000025: PostgreSQLDialect does not need to be specified explicitly using 'hibernate.dialect' (remove the property setting and it will be selected by default)
2025-08-05T03:42:29.142+05:30  INFO 6960 --- [order-service] [restartedMain] org.hibernate.orm.connections.pooling    : HHH10001005: Database info:
	Database JDBC URL [Connecting through datasource 'HikariDataSource (HikariPool-1)']
	Database driver: undefined/unknown
	Database version: 17.4
	Autocommit mode: undefined/unknown
	Isolation level: undefined/unknown
	Minimum pool size: undefined/unknown
	Maximum pool size: undefined/unknown
2025-08-05T03:42:30.475+05:30  INFO 6960 --- [order-service] [restartedMain] o.h.e.t.j.p.i.JtaPlatformInitiator       : HHH000489: No JTA platform available (set 'hibernate.transaction.jta.platform' to enable JTA platform integration)
2025-08-05T03:42:30.534+05:30  INFO 6960 --- [order-service] [restartedMain] j.LocalContainerEntityManagerFactoryBean : Initialized JPA EntityManagerFactory for persistence unit 'default'
2025-08-05T03:42:31.808+05:30  INFO 6960 --- [order-service] [restartedMain] o.s.d.j.r.query.QueryEnhancerFactory     : Hibernate is in classpath; If applicable, HQL parser will be used.
2025-08-05T03:42:33.152+05:30  WARN 6960 --- [order-service] [restartedMain] JpaBaseConfiguration$JpaWebConfiguration : spring.jpa.open-in-view is enabled by default. Therefore, database queries may be performed during view rendering. Explicitly configure spring.jpa.open-in-view to disable this warning
2025-08-05T03:42:33.923+05:30  WARN 6960 --- [order-service] [restartedMain] o.s.b.d.a.OptionalLiveReloadServer       : Unable to start LiveReload server
2025-08-05T03:42:33.977+05:30  INFO 6960 --- [order-service] [restartedMain] o.s.b.w.embedded.tomcat.TomcatWebServer  : Tomcat started on port 8081 (http) with context path '/'
2025-08-05T03:42:33.999+05:30  INFO 6960 --- [order-service] [restartedMain] c.q.o.OrderServiceApplication            : Started OrderServiceApplication in 11.287 seconds (process running for 12.092)
2025-08-05T03:42:34.674+05:30 ERROR 6960 --- [order-service] [restartedMain] c.q.o.config.RedisConnectionChecker      : redis connection failed - Error: Unable to connect to Redis
2025-08-05T03:44:48.651+05:30  INFO 6960 --- [order-service] [SpringApplicationShutdownHook] o.s.b.w.e.tomcat.GracefulShutdown        : Commencing graceful shutdown. Waiting for active requests to complete
2025-08-05T03:44:48.658+05:30  INFO 6960 --- [order-service] [tomcat-shutdown] o.s.b.w.e.tomcat.GracefulShutdown        : Graceful shutdown complete
2025-08-05T03:44:48.676+05:30  INFO 6960 --- [order-service] [SpringApplicationShutdownHook] j.LocalContainerEntityManagerFactoryBean : Closing JPA EntityManagerFactory for persistence unit 'default'
2025-08-05T03:44:48.681+05:30  INFO 6960 --- [order-service] [SpringApplicationShutdownHook] com.zaxxer.hikari.HikariDataSource       : HikariPool-1 - Shutdown initiated...
2025-08-05T03:44:48.701+05:30  INFO 6960 --- [order-service] [SpringApplicationShutdownHook] com.zaxxer.hikari.HikariDataSource       : HikariPool-1 - Shutdown completed.
2025-08-05T03:45:11.019+05:30  INFO 19800 --- [order-service] [restartedMain] c.q.o.OrderServiceApplication            : Starting OrderServiceApplication using Java 22.0.1 with PID 19800 (D:\Qurilo Assessment\order-service\target\classes started by DELL in D:\Qurilo Assessment)
2025-08-05T03:45:11.023+05:30  INFO 19800 --- [order-service] [restartedMain] c.q.o.OrderServiceApplication            : No active profile set, falling back to 1 default profile: "default"
2025-08-05T03:45:11.116+05:30  INFO 19800 --- [order-service] [restartedMain] .e.DevToolsPropertyDefaultsPostProcessor : Devtools property defaults active! Set 'spring.devtools.add-properties' to 'false' to disable
2025-08-05T03:45:11.119+05:30  INFO 19800 --- [order-service] [restartedMain] .e.DevToolsPropertyDefaultsPostProcessor : For additional web related logging consider setting the 'logging.level.web' property to 'DEBUG'
2025-08-05T03:45:12.660+05:30  INFO 19800 --- [order-service] [restartedMain] .s.d.r.c.RepositoryConfigurationDelegate : Multiple Spring Data modules found, entering strict repository configuration mode
2025-08-05T03:45:12.664+05:30  INFO 19800 --- [order-service] [restartedMain] .s.d.r.c.RepositoryConfigurationDelegate : Bootstrapping Spring Data JPA repositories in DEFAULT mode.
2025-08-05T03:45:12.854+05:30  INFO 19800 --- [order-service] [restartedMain] .s.d.r.c.RepositoryConfigurationDelegate : Finished Spring Data repository scanning in 175 ms. Found 1 JPA repository interface.
2025-08-05T03:45:12.888+05:30  INFO 19800 --- [order-service] [restartedMain] .s.d.r.c.RepositoryConfigurationDelegate : Multiple Spring Data modules found, entering strict repository configuration mode
2025-08-05T03:45:12.890+05:30  INFO 19800 --- [order-service] [restartedMain] .s.d.r.c.RepositoryConfigurationDelegate : Bootstrapping Spring Data Redis repositories in DEFAULT mode.
2025-08-05T03:45:12.914+05:30  INFO 19800 --- [order-service] [restartedMain] .RepositoryConfigurationExtensionSupport : Spring Data Redis - Could not safely identify store assignment for repository candidate interface com.qurilo.order_service.repository.OrderRepository; If you want this repository to be a Redis repository, consider annotating your entities with one of these annotations: org.springframework.data.redis.core.RedisHash (preferred), or consider extending one of the following types with your repository: org.springframework.data.keyvalue.repository.KeyValueRepository
2025-08-05T03:45:12.917+05:30  INFO 19800 --- [order-service] [restartedMain] .s.d.r.c.RepositoryConfigurationDelegate : Finished Spring Data repository scanning in 13 ms. Found 0 Redis repository interfaces.
2025-08-05T03:45:13.934+05:30  INFO 19800 --- [order-service] [restartedMain] o.s.b.w.embedded.tomcat.TomcatWebServer  : Tomcat initialized with port 8081 (http)
2025-08-05T03:45:13.961+05:30  INFO 19800 --- [order-service] [restartedMain] o.apache.catalina.core.StandardService   : Starting service [Tomcat]
2025-08-05T03:45:13.964+05:30  INFO 19800 --- [order-service] [restartedMain] o.apache.catalina.core.StandardEngine    : Starting Servlet engine: [Apache Tomcat/10.1.43]
2025-08-05T03:45:14.083+05:30  INFO 19800 --- [order-service] [restartedMain] o.a.c.c.C.[Tomcat].[localhost].[/]       : Initializing Spring embedded WebApplicationContext
2025-08-05T03:45:14.083+05:30  INFO 19800 --- [order-service] [restartedMain] w.s.c.ServletWebServerApplicationContext : Root WebApplicationContext: initialization completed in 2951 ms
2025-08-05T03:45:14.270+05:30  INFO 19800 --- [order-service] [restartedMain] com.zaxxer.hikari.HikariDataSource       : HikariPool-1 - Starting...
2025-08-05T03:45:14.612+05:30  INFO 19800 --- [order-service] [restartedMain] com.zaxxer.hikari.pool.HikariPool        : HikariPool-1 - Added connection org.postgresql.jdbc.PgConnection@6bd6b8aa
2025-08-05T03:45:14.614+05:30  INFO 19800 --- [order-service] [restartedMain] com.zaxxer.hikari.HikariDataSource       : HikariPool-1 - Start completed.
2025-08-05T03:45:14.814+05:30  INFO 19800 --- [order-service] [restartedMain] o.hibernate.jpa.internal.util.LogHelper  : HHH000204: Processing PersistenceUnitInfo [name: default]
2025-08-05T03:45:14.942+05:30  INFO 19800 --- [order-service] [restartedMain] org.hibernate.Version                    : HHH000412: Hibernate ORM core version 6.6.22.Final
2025-08-05T03:45:15.005+05:30  INFO 19800 --- [order-service] [restartedMain] o.h.c.internal.RegionFactoryInitiator    : HHH000026: Second-level cache disabled
2025-08-05T03:45:15.504+05:30  INFO 19800 --- [order-service] [restartedMain] o.s.o.j.p.SpringPersistenceUnitInfo      : No LoadTimeWeaver setup: ignoring JPA class transformer
2025-08-05T03:45:15.604+05:30  WARN 19800 --- [order-service] [restartedMain] org.hibernate.orm.deprecation            : HHH90000025: PostgreSQLDialect does not need to be specified explicitly using 'hibernate.dialect' (remove the property setting and it will be selected by default)
2025-08-05T03:45:15.623+05:30  INFO 19800 --- [order-service] [restartedMain] org.hibernate.orm.connections.pooling    : HHH10001005: Database info:
	Database JDBC URL [Connecting through datasource 'HikariDataSource (HikariPool-1)']
	Database driver: undefined/unknown
	Database version: 17.4
	Autocommit mode: undefined/unknown
	Isolation level: undefined/unknown
	Minimum pool size: undefined/unknown
	Maximum pool size: undefined/unknown
2025-08-05T03:45:16.717+05:30  INFO 19800 --- [order-service] [restartedMain] o.h.e.t.j.p.i.JtaPlatformInitiator       : HHH000489: No JTA platform available (set 'hibernate.transaction.jta.platform' to enable JTA platform integration)
2025-08-05T03:45:16.791+05:30  INFO 19800 --- [order-service] [restartedMain] j.LocalContainerEntityManagerFactoryBean : Initialized JPA EntityManagerFactory for persistence unit 'default'
2025-08-05T03:45:17.910+05:30  INFO 19800 --- [order-service] [restartedMain] o.s.d.j.r.query.QueryEnhancerFactory     : Hibernate is in classpath; If applicable, HQL parser will be used.
2025-08-05T03:45:19.460+05:30  WARN 19800 --- [order-service] [restartedMain] JpaBaseConfiguration$JpaWebConfiguration : spring.jpa.open-in-view is enabled by default. Therefore, database queries may be performed during view rendering. Explicitly configure spring.jpa.open-in-view to disable this warning
2025-08-05T03:45:20.271+05:30  WARN 19800 --- [order-service] [restartedMain] o.s.b.d.a.OptionalLiveReloadServer       : Unable to start LiveReload server
2025-08-05T03:45:20.326+05:30  INFO 19800 --- [order-service] [restartedMain] o.s.b.w.embedded.tomcat.TomcatWebServer  : Tomcat started on port 8081 (http) with context path '/'
2025-08-05T03:45:20.342+05:30  INFO 19800 --- [order-service] [restartedMain] c.q.o.OrderServiceApplication            : Started OrderServiceApplication in 10.117 seconds (process running for 11.199)
2025-08-05T03:45:21.175+05:30  INFO 19800 --- [order-service] [restartedMain] c.q.o.config.RedisConnectionChecker      : redis connected!
2025-08-05T03:45:52.785+05:30  INFO 19800 --- [order-service] [http-nio-8081-exec-1] o.a.c.c.C.[Tomcat].[localhost].[/]       : Initializing Spring DispatcherServlet 'dispatcherServlet'
2025-08-05T03:45:52.786+05:30  INFO 19800 --- [order-service] [http-nio-8081-exec-1] o.s.web.servlet.DispatcherServlet        : Initializing Servlet 'dispatcherServlet'
2025-08-05T03:45:52.791+05:30  INFO 19800 --- [order-service] [http-nio-8081-exec-1] o.s.web.servlet.DispatcherServlet        : Completed initialization in 3 ms
2025-08-05T03:45:56.071+05:30  INFO 19800 --- [order-service] [http-nio-8081-exec-10] o.springdoc.api.AbstractOpenApiResource  : Init duration for springdoc-openapi is: 1119 ms
2025-08-05T03:52:39.747+05:30  INFO 19800 --- [order-service] [SpringApplicationShutdownHook] o.s.b.w.e.tomcat.GracefulShutdown        : Commencing graceful shutdown. Waiting for active requests to complete
2025-08-05T03:52:41.196+05:30  INFO 19800 --- [order-service] [tomcat-shutdown] o.s.b.w.e.tomcat.GracefulShutdown        : Graceful shutdown complete
2025-08-05T03:52:41.288+05:30  INFO 19800 --- [order-service] [SpringApplicationShutdownHook] j.LocalContainerEntityManagerFactoryBean : Closing JPA EntityManagerFactory for persistence unit 'default'
2025-08-05T03:52:41.294+05:30  INFO 19800 --- [order-service] [SpringApplicationShutdownHook] com.zaxxer.hikari.HikariDataSource       : HikariPool-1 - Shutdown initiated...
2025-08-05T03:52:41.347+05:30  INFO 19800 --- [order-service] [SpringApplicationShutdownHook] com.zaxxer.hikari.HikariDataSource       : HikariPool-1 - Shutdown completed.
